0 info it worked if it ends with ok
1 verbose cli [ 'D:\\Develop Tools\\NodeJS\\node.exe',
1 verbose cli   'D:\\Develop Tools\\NodeJS\\node_modules\\npm\\bin\\npm-cli.js',
1 verbose cli   'install',
1 verbose cli   'oracle' ]
2 info using npm@3.10.10
3 info using node@v6.10.0
4 silly loadCurrentTree Starting
5 silly install loadCurrentTree
6 silly install readLocalPackageData
7 silly fetchPackageMetaData oracle
8 silly fetchNamedPackageData oracle
9 silly mapToRegistry name oracle
10 silly mapToRegistry using default registry
11 silly mapToRegistry registry https://registry.npmjs.org/
12 silly mapToRegistry data Result {
12 silly mapToRegistry   raw: 'oracle',
12 silly mapToRegistry   scope: null,
12 silly mapToRegistry   escapedName: 'oracle',
12 silly mapToRegistry   name: 'oracle',
12 silly mapToRegistry   rawSpec: '',
12 silly mapToRegistry   spec: 'latest',
12 silly mapToRegistry   type: 'tag' }
13 silly mapToRegistry uri https://registry.npmjs.org/oracle
14 verbose request uri https://registry.npmjs.org/oracle
15 verbose request no auth needed
16 info attempt registry request try #1 at 11:38:37
17 verbose request id 34aaaf0bf646c956
18 verbose etag W/"5859be65-4919"
19 verbose lastModified Tue, 20 Dec 2016 23:27:33 GMT
20 http request GET https://registry.npmjs.org/oracle
21 http 304 https://registry.npmjs.org/oracle
22 verbose headers { date: 'Mon, 13 Mar 2017 03:38:52 GMT',
22 verbose headers   via: '1.1 varnish',
22 verbose headers   'cache-control': 'max-age=300',
22 verbose headers   etag: 'W/"5859be65-4919"',
22 verbose headers   age: '0',
22 verbose headers   connection: 'keep-alive',
22 verbose headers   'x-served-by': 'cache-itm7426-ITM',
22 verbose headers   'x-cache': 'MISS',
22 verbose headers   'x-cache-hits': '0',
22 verbose headers   'x-timer': 'S1489376332.600566,VS0,VE574',
22 verbose headers   vary: 'Accept-Encoding' }
23 silly get cb [ 304,
23 silly get   { date: 'Mon, 13 Mar 2017 03:38:52 GMT',
23 silly get     via: '1.1 varnish',
23 silly get     'cache-control': 'max-age=300',
23 silly get     etag: 'W/"5859be65-4919"',
23 silly get     age: '0',
23 silly get     connection: 'keep-alive',
23 silly get     'x-served-by': 'cache-itm7426-ITM',
23 silly get     'x-cache': 'MISS',
23 silly get     'x-cache-hits': '0',
23 silly get     'x-timer': 'S1489376332.600566,VS0,VE574',
23 silly get     vary: 'Accept-Encoding' } ]
24 verbose etag https://registry.npmjs.org/oracle from cache
25 verbose get saving oracle to C:\Users\zhaozihe\AppData\Roaming\npm-cache\registry.npmjs.org\oracle\.cache.json
26 verbose correctMkdir C:\Users\zhaozihe\AppData\Roaming\npm-cache correctMkdir not in flight; initializing
27 silly install normalizeTree
28 silly loadCurrentTree Finishing
29 silly loadIdealTree Starting
30 silly install loadIdealTree
31 silly cloneCurrentTree Starting
32 silly install cloneCurrentTreeToIdealTree
33 silly cloneCurrentTree Finishing
34 silly loadShrinkwrap Starting
35 silly install loadShrinkwrap
36 silly loadShrinkwrap Finishing
37 silly loadAllDepsIntoIdealTree Starting
38 silly install loadAllDepsIntoIdealTree
39 silly resolveWithNewModule oracle@0.4.1 checking installable status
40 silly cache add args [ 'oracle', null ]
41 verbose cache add spec oracle
42 silly cache add parsed spec Result {
42 silly cache add   raw: 'oracle',
42 silly cache add   scope: null,
42 silly cache add   escapedName: 'oracle',
42 silly cache add   name: 'oracle',
42 silly cache add   rawSpec: '',
42 silly cache add   spec: 'latest',
42 silly cache add   type: 'tag' }
43 silly addNamed oracle@latest
44 verbose addNamed "latest" is being treated as a dist-tag for oracle
45 info addNameTag [ 'oracle', 'latest' ]
46 silly mapToRegistry name oracle
47 silly mapToRegistry using default registry
48 silly mapToRegistry registry https://registry.npmjs.org/
49 silly mapToRegistry data Result {
49 silly mapToRegistry   raw: 'oracle',
49 silly mapToRegistry   scope: null,
49 silly mapToRegistry   escapedName: 'oracle',
49 silly mapToRegistry   name: 'oracle',
49 silly mapToRegistry   rawSpec: '',
49 silly mapToRegistry   spec: 'latest',
49 silly mapToRegistry   type: 'tag' }
50 silly mapToRegistry uri https://registry.npmjs.org/oracle
51 verbose addNameTag registry:https://registry.npmjs.org/oracle not in flight; fetching
52 verbose get https://registry.npmjs.org/oracle not expired, no request
53 silly addNameTag next cb for oracle with tag latest
54 silly addNamed oracle@0.4.1
55 verbose addNamed "0.4.1" is a plain semver version for oracle
56 silly cache afterAdd oracle@0.4.1
57 verbose afterAdd C:\Users\zhaozihe\AppData\Roaming\npm-cache\oracle\0.4.1\package\package.json not in flight; writing
58 verbose correctMkdir C:\Users\zhaozihe\AppData\Roaming\npm-cache correctMkdir not in flight; initializing
59 verbose afterAdd C:\Users\zhaozihe\AppData\Roaming\npm-cache\oracle\0.4.1\package\package.json written
60 silly loadAllDepsIntoIdealTree Finishing
61 silly loadIdealTree Finishing
62 silly currentTree SNP_ETL
63 silly idealTree SNP_ETL
63 silly idealTree `-- oracle@0.4.1
64 silly generateActionsToTake Starting
65 silly install generateActionsToTake
66 silly generateActionsToTake Finishing
67 silly diffTrees action count 1
68 silly diffTrees add oracle@0.4.1
69 silly decomposeActions action count 8
70 silly decomposeActions fetch oracle@0.4.1
71 silly decomposeActions extract oracle@0.4.1
72 silly decomposeActions test oracle@0.4.1
73 silly decomposeActions preinstall oracle@0.4.1
74 silly decomposeActions build oracle@0.4.1
75 silly decomposeActions install oracle@0.4.1
76 silly decomposeActions postinstall oracle@0.4.1
77 silly decomposeActions finalize oracle@0.4.1
78 silly runTopLevelLifecycles Starting
79 silly executeActions Starting
80 silly install executeActions
81 silly doSerial global-install 0
82 silly doParallel fetch 1
83 verbose correctMkdir C:\Users\zhaozihe\AppData\Roaming\npm-cache\_locks correctMkdir not in flight; initializing
84 verbose lock using C:\Users\zhaozihe\AppData\Roaming\npm-cache\_locks\staging-c3b234462778608a.lock for D:\Codes\SNP_Web\SNP_ETL\node_modules\.staging
85 silly doParallel extract 1
86 silly extract oracle@0.4.1
87 verbose unbuild node_modules\.staging\oracle-6e511a4c
88 silly gentlyRm D:\Codes\SNP_Web\SNP_ETL\node_modules\.staging\oracle-6e511a4c is being purged from base D:\Codes\SNP_Web\SNP_ETL
89 verbose gentlyRm don't care about contents; nuking D:\Codes\SNP_Web\SNP_ETL\node_modules\.staging\oracle-6e511a4c
90 verbose tar unpack C:\Users\zhaozihe\AppData\Roaming\npm-cache\oracle\0.4.1\package.tgz
91 verbose tar unpacking to D:\Codes\SNP_Web\SNP_ETL\node_modules\.staging\oracle-6e511a4c
92 silly gentlyRm D:\Codes\SNP_Web\SNP_ETL\node_modules\.staging\oracle-6e511a4c is being purged
93 verbose gentlyRm don't care about contents; nuking D:\Codes\SNP_Web\SNP_ETL\node_modules\.staging\oracle-6e511a4c
94 silly gunzTarPerm modes [ '777', '666' ]
95 silly gunzTarPerm extractEntry package.json
96 silly gunzTarPerm modified mode [ 'package.json', 420, 438 ]
97 silly gunzTarPerm extractEntry README.md
98 silly gunzTarPerm modified mode [ 'README.md', 420, 438 ]
99 silly gunzTarPerm extractEntry LICENSE
100 silly gunzTarPerm modified mode [ 'LICENSE', 420, 438 ]
101 silly gunzTarPerm extractEntry index.js
102 silly gunzTarPerm modified mode [ 'index.js', 420, 438 ]
103 silly gunzTarPerm extractEntry binding.gyp
104 silly gunzTarPerm modified mode [ 'binding.gyp', 420, 438 ]
105 silly gentlyRm D:\Codes\SNP_Web\SNP_ETL\node_modules\.staging\oracle-6e511a4c\node_modules is being purged
106 verbose gentlyRm don't care about contents; nuking D:\Codes\SNP_Web\SNP_ETL\node_modules\.staging\oracle-6e511a4c\node_modules
107 silly doParallel preinstall 1
108 silly preinstall oracle@0.4.1 D:\Codes\SNP_Web\SNP_ETL\node_modules\.staging\oracle-6e511a4c
109 info lifecycle oracle@0.4.1~preinstall: oracle@0.4.1
110 silly lifecycle oracle@0.4.1~preinstall: no script for preinstall, continuing
111 silly doReverseSerial remove 0
112 silly doSerial move 0
113 silly doSerial finalize 1
114 silly finalize D:\Codes\SNP_Web\SNP_ETL\node_modules\oracle
115 silly doSerial build 1
116 silly build oracle@0.4.1
117 info linkStuff oracle@0.4.1
118 silly linkStuff oracle@0.4.1 has D:\Codes\SNP_Web\SNP_ETL\node_modules as its parent node_modules
119 verbose linkBins oracle@0.4.1
120 verbose linkMans oracle@0.4.1
121 silly doSerial global-link 0
122 silly doParallel update-linked 0
123 silly doSerial install 1
124 silly install oracle@0.4.1 D:\Codes\SNP_Web\SNP_ETL\node_modules\.staging\oracle-6e511a4c
125 info lifecycle oracle@0.4.1~install: oracle@0.4.1
126 verbose lifecycle oracle@0.4.1~install: unsafe-perm in lifecycle true
127 verbose lifecycle oracle@0.4.1~install: PATH: D:\Develop Tools\NodeJS\node_modules\npm\bin\node-gyp-bin;D:\Codes\SNP_Web\SNP_ETL\node_modules\oracle\node_modules\.bin;D:\Codes\SNP_Web\SNP_ETL\node_modules\.bin;D:\Develop Tools\Komodo-IDE_5869\Komodo\;C:\Program Files\Java\jdk1.7.0_80\bin;C:\Program Files\Java\jdk1.7.0_80\jre\bin;C:\ProgramData\Oracle\Java\javapath;c:\gtk\bin;D:\app\zhaozihe\product\11.2.0\dbhome_1\bin;D:\app\zhaozihe\product\11.2.0\dbhome_2\bin;C:\Windows\system32;C:\Windows;C:\Windows\System32\Wbem;C:\Windows\System32\WindowsPowerShell\v1.0\;C:\Program Files (x86)\MySQL\MySQL Fabric 1.5.2 & MySQL Utilities 1.5.2 1.5\;C:\Program Files (x86)\MySQL\MySQL Fabric 1.5.2 & MySQL Utilities 1.5.2 1.5\Doctrine extensions for PHP\;D:\Develop Tools\SVN\bin;D:\Environment\apache-maven-3.3.9-bin\apache-maven-3.3.9\bin;D:\Environment\hadoop-common-2.2.0-bin-master\bin;D:\Git\cmd;D:\Develop Tools\NodeJS\;C:\Users\zhaozihe\AppData\Roaming\npm
128 verbose lifecycle oracle@0.4.1~install: CWD: D:\Codes\SNP_Web\SNP_ETL\node_modules\oracle
129 silly lifecycle oracle@0.4.1~install: Args: [ '/d /s /c', 'node-gyp rebuild' ]
130 silly lifecycle oracle@0.4.1~install: Returned: code: 1  signal: null
131 info lifecycle oracle@0.4.1~install: Failed to exec install script
132 verbose unlock done using C:\Users\zhaozihe\AppData\Roaming\npm-cache\_locks\staging-c3b234462778608a.lock for D:\Codes\SNP_Web\SNP_ETL\node_modules\.staging
133 silly rollbackFailedOptional Starting
134 silly rollbackFailedOptional Finishing
135 silly runTopLevelLifecycles Finishing
136 silly install printInstalled
137 warn enoent ENOENT: no such file or directory, open 'D:\Codes\SNP_Web\SNP_ETL\package.json'
138 verbose enoent ENOENT: no such file or directory, open 'D:\Codes\SNP_Web\SNP_ETL\package.json'
138 verbose enoent This is most likely not a problem with npm itself
138 verbose enoent and is related to npm not being able to find a file.
139 warn SNP_ETL No description
140 verbose If you need help, you may report this error at:
140 verbose     <https://github.com/npm/npm/issues>
141 warn SNP_ETL No repository field.
142 verbose If you need help, you may report this error at:
142 verbose     <https://github.com/npm/npm/issues>
143 warn SNP_ETL No README data
144 verbose If you need help, you may report this error at:
144 verbose     <https://github.com/npm/npm/issues>
145 warn SNP_ETL No license field.
146 verbose If you need help, you may report this error at:
146 verbose     <https://github.com/npm/npm/issues>
147 verbose stack Error: oracle@0.4.1 install: `node-gyp rebuild`
147 verbose stack Exit status 1
147 verbose stack     at EventEmitter.<anonymous> (D:\Develop Tools\NodeJS\node_modules\npm\lib\utils\lifecycle.js:255:16)
147 verbose stack     at emitTwo (events.js:106:13)
147 verbose stack     at EventEmitter.emit (events.js:191:7)
147 verbose stack     at ChildProcess.<anonymous> (D:\Develop Tools\NodeJS\node_modules\npm\lib\utils\spawn.js:40:14)
147 verbose stack     at emitTwo (events.js:106:13)
147 verbose stack     at ChildProcess.emit (events.js:191:7)
147 verbose stack     at maybeClose (internal/child_process.js:877:16)
147 verbose stack     at Process.ChildProcess._handle.onexit (internal/child_process.js:226:5)
148 verbose pkgid oracle@0.4.1
149 verbose cwd D:\Codes\SNP_Web\SNP_ETL
150 error Windows_NT 6.1.7601
151 error argv "D:\\Develop Tools\\NodeJS\\node.exe" "D:\\Develop Tools\\NodeJS\\node_modules\\npm\\bin\\npm-cli.js" "install" "oracle"
152 error node v6.10.0
153 error npm  v3.10.10
154 error code ELIFECYCLE
155 error oracle@0.4.1 install: `node-gyp rebuild`
155 error Exit status 1
156 error Failed at the oracle@0.4.1 install script 'node-gyp rebuild'.
156 error Make sure you have the latest version of node.js and npm installed.
156 error If you do, this is most likely a problem with the oracle package,
156 error not with npm itself.
156 error Tell the author that this fails on your system:
156 error     node-gyp rebuild
156 error You can get information on how to open an issue for this project with:
156 error     npm bugs oracle
156 error Or if that isn't available, you can get their info via:
156 error     npm owner ls oracle
156 error There is likely additional logging output above.
157 verbose exit [ 1, true ]
